<?xml version="1.0" encoding="UTF-8"?>
<testng-results skipped="0" failed="1" ignored="0" total="2" passed="1">
  <reporter-output>
  </reporter-output>
  <suite name="CSVExportTest_BadTest" duration-ms="92" started-at="2020-11-11T09:19:12Z" finished-at="2020-11-11T09:19:12Z">
    <groups>
    </groups>
    <test name="Command line test" duration-ms="92" started-at="2020-11-11T09:19:12Z" finished-at="2020-11-11T09:19:12Z">
      <class name="com.optimised_buildings_ltd.CSVExport.test.BBadTest">
        <test-method status="PASS" signature="setClassLoader()[pri:0, instance:Bad Test]" name="setClassLoader" is-config="true" duration-ms="68" started-at="2020-11-11T09:19:12Z" finished-at="2020-11-11T09:19:12Z">
          <reporter-output>
          </reporter-output>
        </test-method> <!-- setClassLoader -->
        <test-method status="FAIL" signature="addTest()[pri:0, instance:Bad Test]" name="addTest" duration-ms="3" started-at="2020-11-11T09:19:12Z" finished-at="2020-11-11T09:19:12Z">
          <exception class="java.lang.AssertionError">
            <message>
              <![CDATA[expected [0] but found [1]]]>
            </message>
            <full-stacktrace>
              <![CDATA[java.lang.AssertionError: expected [0] but found [1]
at org.testng.Assert.fail(Assert.java:96)
at org.testng.Assert.failNotEquals(Assert.java:776)
at org.testng.Assert.assertEqualsImpl(Assert.java:137)
at org.testng.Assert.assertEquals(Assert.java:118)
at org.testng.Assert.assertEquals(Assert.java:652)
at org.testng.Assert.assertEquals(Assert.java:662)
at com.optimised_buildings_ltd.CSVExport.test.BBadTest.addTest(BBadTest.java:18)
at sun.reflect.NativeMethodAccessorImpl.invoke0(Native Method)
at sun.reflect.NativeMethodAccessorImpl.invoke(NativeMethodAccessorImpl.java:62)
at sun.reflect.DelegatingMethodAccessorImpl.invoke(DelegatingMethodAccessorImpl.java:43)
at java.lang.reflect.Method.invoke(Method.java:498)
at org.testng.internal.MethodInvocationHelper.invokeMethod(MethodInvocationHelper.java:124)
at org.testng.internal.Invoker.invokeMethod(Invoker.java:583)
at org.testng.internal.Invoker.invokeTestMethod(Invoker.java:719)
at org.testng.internal.Invoker.invokeTestMethods(Invoker.java:989)
at org.testng.internal.TestMethodWorker.invokeTestMethods(TestMethodWorker.java:125)
at org.testng.internal.TestMethodWorker.run(TestMethodWorker.java:109)
at org.testng.TestRunner.privateRun(TestRunner.java:648)
at org.testng.TestRunner.run(TestRunner.java:505)
at org.testng.SuiteRunner.runTest(SuiteRunner.java:455)
at org.testng.SuiteRunner.runSequentially(SuiteRunner.java:450)
at org.testng.SuiteRunner.privateRun(SuiteRunner.java:415)
at org.testng.SuiteRunner.run(SuiteRunner.java:364)
at org.testng.SuiteRunnerWorker.runSuite(SuiteRunnerWorker.java:52)
at org.testng.SuiteRunnerWorker.run(SuiteRunnerWorker.java:84)
at org.testng.TestNG.runSuitesSequentially(TestNG.java:1208)
at org.testng.TestNG.runSuitesLocally(TestNG.java:1137)
at org.testng.TestNG.runSuites(TestNG.java:1049)
at org.testng.TestNG.run(TestNG.java:1017)
at com.tridium.testng.TestRunnerNg.loop(TestRunnerNg.java:213)
at com.tridium.testng.TestRunnerNg.run(TestRunnerNg.java:192)
at javax.baja.test.TestRunner.run(TestRunner.java:176)
at javax.baja.test.TestRunner.run(TestRunner.java:74)
at javax.baja.test.TestRunner.runTests(TestRunner.java:267)
at javax.baja.test.TestRunner.runTests(TestRunner.java:256)
at javax.baja.test.TestRunner.main(TestRunner.java:242)
at sun.reflect.NativeMethodAccessorImpl.invoke0(Native Method)
at sun.reflect.NativeMethodAccessorImpl.invoke(NativeMethodAccessorImpl.java:62)
at sun.reflect.DelegatingMethodAccessorImpl.invoke(DelegatingMethodAccessorImpl.java:43)
at java.lang.reflect.Method.invoke(Method.java:498)
at com.tridium.sys.Nre.runClass(Nre.java:398)
at com.tridium.sys.Nre.main(Nre.java:233)
at com.tridium.sys.Nre.bootstrap(Nre.java:150)
at sun.reflect.NativeMethodAccessorImpl.invoke0(Native Method)
at sun.reflect.NativeMethodAccessorImpl.invoke(NativeMethodAccessorImpl.java:62)
at sun.reflect.DelegatingMethodAccessorImpl.invoke(DelegatingMethodAccessorImpl.java:43)
at java.lang.reflect.Method.invoke(Method.java:498)
at com.tridium.nre.bootstrap.Bootstrap.Main(Bootstrap.java:104)
]]>
            </full-stacktrace>
          </exception> <!-- java.lang.AssertionError -->
          <reporter-output>
          </reporter-output>
        </test-method> <!-- addTest -->
        <test-method status="PASS" signature="restoreClassLoader()[pri:0, instance:Bad Test]" name="restoreClassLoader" is-config="true" duration-ms="0" started-at="2020-11-11T09:19:12Z" finished-at="2020-11-11T09:19:12Z">
          <reporter-output>
          </reporter-output>
        </test-method> <!-- restoreClassLoader -->
      </class> <!-- com.optimised_buildings_ltd.CSVExport.test.BBadTest -->
    </test> <!-- Command line test -->
  </suite> <!-- CSVExportTest_BadTest -->
  <suite name="CSVExportTest_GoodTest" duration-ms="1" started-at="2020-11-11T09:19:12Z" finished-at="2020-11-11T09:19:12Z">
    <groups>
    </groups>
    <test name="Command line test" duration-ms="1" started-at="2020-11-11T09:19:12Z" finished-at="2020-11-11T09:19:12Z">
      <class name="com.optimised_buildings_ltd.CSVExport.test.BGoodTest">
        <test-method status="PASS" signature="setClassLoader()[pri:0, instance:Good Test]" name="setClassLoader" is-config="true" duration-ms="1" started-at="2020-11-11T09:19:12Z" finished-at="2020-11-11T09:19:12Z">
          <reporter-output>
          </reporter-output>
        </test-method> <!-- setClassLoader -->
        <test-method status="PASS" signature="restoreClassLoader()[pri:0, instance:Good Test]" name="restoreClassLoader" is-config="true" duration-ms="0" started-at="2020-11-11T09:19:12Z" finished-at="2020-11-11T09:19:12Z">
          <reporter-output>
          </reporter-output>
        </test-method> <!-- restoreClassLoader -->
        <test-method status="PASS" signature="addTest()[pri:0, instance:Good Test]" name="addTest" duration-ms="0" started-at="2020-11-11T09:19:12Z" finished-at="2020-11-11T09:19:12Z">
          <reporter-output>
          </reporter-output>
        </test-method> <!-- addTest -->
      </class> <!-- com.optimised_buildings_ltd.CSVExport.test.BGoodTest -->
    </test> <!-- Command line test -->
  </suite> <!-- CSVExportTest_GoodTest -->
</testng-results>
